[    0.000000] Linux version 4.15.0-180-generic (buildd@lcy02-amd64-097) (gcc version 7.5.0 (Ubuntu 7.5.0-3ubuntu1~18.04)) #189-Ubuntu SMP Wed May 18 14:13:57 UTC 2022 (Ubuntu 4.15.0-180.189-generic 4.15.18)
[    0.000000] Command line: BOOT_IMAGE=/boot/vmlinuz-4.15.0-180-generic root=LABEL=cloudimg-rootfs ro console=tty1 console=ttyS0
[    0.000000] KERNEL supported cpus:
[    0.000000]   Intel GenuineIntel
[    0.000000]   AMD AuthenticAMD
[    0.000000]   Centaur CentaurHauls
[    0.000000] x86/fpu: Supporting XSAVE feature 0x001: 'x87 floating point registers'
[    0.000000] x86/fpu: Supporting XSAVE feature 0x002: 'SSE registers'
[    0.000000] x86/fpu: Supporting XSAVE feature 0x004: 'AVX registers'
[    0.000000] x86/fpu: xstate_offset[2]:  576, xstate_sizes[2]:  256
[    0.000000] x86/fpu: Enabled xstate features 0x7, context size is 832 bytes, using 'standard' format.
[    0.000000] e820: BIOS-provided physical RAM map:
[    0.000000] BIOS-e820: [mem 0x0000000000000000-0x000000000009fbff] usable
[    0.000000] BIOS-e820: [mem 0x000000000009fc00-0x000000000009ffff] reserved
[    0.000000] BIOS-e820: [mem 0x00000000000f0000-0x00000000000fffff] reserved
[    0.000000] BIOS-e820: [mem 0x0000000000100000-0x000000003ffeffff] usable
[    0.000000] BIOS-e820: [mem 0x000000003fff0000-0x000000003fffffff] ACPI data
[    0.000000] BIOS-e820: [mem 0x00000000fec00000-0x00000000fec00fff] reserved
[    0.000000] BIOS-e820: [mem 0x00000000fee00000-0x00000000fee00fff] reserved
[    0.000000] BIOS-e820: [mem 0x00000000fffc0000-0x00000000ffffffff] reserved
[    0.000000] NX (Execute Disable) protection: active
[    0.000000] SMBIOS 2.5 present.
[    0.000000] DMI: innotek GmbH VirtualBox/VirtualBox, BIOS VirtualBox 12/01/2006
[    0.000000] Hypervisor detected: KVM
[    0.000000] e820: last_pfn = 0x3fff0 max_arch_pfn = 0x400000000
[    0.000000] MTRR: Disabled
[    0.000000] x86/PAT: MTRRs disabled, skipping PAT initialization too.
[    0.000000] CPU MTRRs all blank - virtualized system.
[    0.000000] x86/PAT: Configuration [0-7]: WB  WT  UC- UC  WB  WT  UC- UC  
[    0.000000] found SMP MP-table at [mem 0x0009fff0-0x0009ffff]
[    0.000000] Scanning 1 areas for low memory corruption
[    0.000000] RAMDISK: [mem 0x359c5000-0x36cd9fff]
[    0.000000] ACPI: Early table checksum verification disabled
[    0.000000] ACPI: RSDP 0x00000000000E0000 000024 (v02 VBOX  )
[    0.000000] ACPI: XSDT 0x000000003FFF0030 00003C (v01 VBOX   VBOXXSDT 00000001 ASL  00000061)
[    0.000000] ACPI: FACP 0x000000003FFF00F0 0000F4 (v04 VBOX   VBOXFACP 00000001 ASL  00000061)
[    0.000000] ACPI: DSDT 0x000000003FFF0470 002325 (v02 VBOX   VBOXBIOS 00000002 INTL 20120111)
[    0.000000] ACPI: FACS 0x000000003FFF0200 000040
[    0.000000] ACPI: FACS 0x000000003FFF0200 000040
[    0.000000] ACPI: APIC 0x000000003FFF0240 00005C (v02 VBOX   VBOXAPIC 00000001 ASL  00000061)
[    0.000000] ACPI: SSDT 0x000000003FFF02A0 0001CC (v01 VBOX   VBOXCPUT 00000002 INTL 20120111)
[    0.000000] ACPI: Reserving FACP table memory at [mem 0x3fff00f0-0x3fff01e3]
[    0.000000] ACPI: Reserving DSDT table memory at [mem 0x3fff0470-0x3fff2794]
[    0.000000] ACPI: Reserving FACS table memory at [mem 0x3fff0200-0x3fff023f]
[    0.000000] ACPI: Reserving FACS table memory at [mem 0x3fff0200-0x3fff023f]
[    0.000000] ACPI: Reserving APIC table memory at [mem 0x3fff0240-0x3fff029b]
[    0.000000] ACPI: Reserving SSDT table memory at [mem 0x3fff02a0-0x3fff046b]
[    0.000000] No NUMA configuration found
[    0.000000] Faking a node at [mem 0x0000000000000000-0x000000003ffeffff]
[    0.000000] NODE_DATA(0) allocated [mem 0x3ffc5000-0x3ffeffff]
[    0.000000] kvm-clock: cpu 0, msr 0:3ff44001, primary cpu clock
[    0.000000] kvm-clock: Using msrs 4b564d01 and 4b564d00
[    0.000000] kvm-clock: using sched offset of 4298797647 cycles
[    0.000000] clocksource: kvm-clock: mask: 0xffffffffffffffff max_cycles: 0x1cd42e4dffb, max_idle_ns: 881590591483 ns
[    0.000000] Zone ranges:
[    0.000000]   DMA      [mem 0x0000000000001000-0x0000000000ffffff]
[    0.000000]   DMA32    [mem 0x0000000001000000-0x000000003ffeffff]
[    0.000000]   Normal   empty
[    0.000000]   Device   empty
[    0.000000] Movable zone start for each node
[    0.000000] Early memory node ranges
[    0.000000]   node   0: [mem 0x0000000000001000-0x000000000009efff]
[    0.000000]   node   0: [mem 0x0000000000100000-0x000000003ffeffff]
[    0.000000] Reserved but unavailable: 104 pages
[    0.000000] Initmem setup node 0 [mem 0x0000000000001000-0x000000003ffeffff]
[    0.000000] ACPI: PM-Timer IO Port: 0x4008
[    0.000000] IOAPIC[0]: apic_id 2, version 32, address 0xfec00000, GSI 0-23
[    0.000000] ACPI: INT_SRC_OVR (bus 0 bus_irq 0 global_irq 2 dfl dfl)
[    0.000000] ACPI: INT_SRC_OVR (bus 0 bus_irq 9 global_irq 9 low level)
[    0.000000] Using ACPI (MADT) for SMP configuration information
[    0.000000] smpboot: Allowing 2 CPUs, 0 hotplug CPUs
[    0.000000] PM: Registered nosave memory: [mem 0x00000000-0x00000fff]
[    0.000000] PM: Registered nosave memory: [mem 0x0009f000-0x0009ffff]
[    0.000000] PM: Registered nosave memory: [mem 0x000a0000-0x000effff]
[    0.000000] PM: Registered nosave memory: [mem 0x000f0000-0x000fffff]
[    0.000000] e820: [mem 0x40000000-0xfebfffff] available for PCI devices
[    0.000000] Booting paravirtualized kernel on KVM
[    0.000000] clocksource: refined-jiffies: mask: 0xffffffff max_cycles: 0xffffffff, max_idle_ns: 7645519600211568 ns
[    0.000000] random: get_random_bytes called from start_kernel+0x99/0x500 with crng_init=0
[    0.000000] setup_percpu: NR_CPUS:8192 nr_cpumask_bits:2 nr_cpu_ids:2 nr_node_ids:1
[    0.000000] percpu: Embedded 50 pages/cpu s167936 r8192 d28672 u1048576
[    0.000000] PV qspinlock hash table entries: 256 (order: 0, 4096 bytes)
[    0.000000] Built 1 zonelists, mobility grouping on.  Total pages: 257913
[    0.000000] Policy zone: DMA32
[    0.000000] Kernel command line: BOOT_IMAGE=/boot/vmlinuz-4.15.0-180-generic root=LABEL=cloudimg-rootfs ro console=tty1 console=ttyS0
[    0.000000] Memory: 982636K/1048120K available (12300K kernel code, 2484K rwdata, 4324K rodata, 2468K init, 2724K bss, 65484K reserved, 0K cma-reserved)
[    0.000000] SLUB: HWalign=64, Order=0-3, MinObjects=0, CPUs=2, Nodes=1
[    0.000000] Kernel/User page tables isolation: enabled
[    0.000000] ftrace: allocating 39507 entries in 155 pages
[    0.004000] Hierarchical RCU implementation.
[    0.004000] 	RCU restricting CPUs from NR_CPUS=8192 to nr_cpu_ids=2.
[    0.004000] 	Tasks RCU enabled.
[    0.004000] RCU: Adjusting geometry for rcu_fanout_leaf=16, nr_cpu_ids=2
[    0.004000] NR_IRQS: 524544, nr_irqs: 440, preallocated irqs: 16
[    0.004000] Console: colour VGA+ 80x25
[    0.004000] console [tty1] enabled
[    0.004000] console [ttyS0] enabled
[    0.004000] ACPI: Core revision 20170831
[    0.004000] ACPI: 2 ACPI AML tables successfully acquired and loaded
[    0.004000] APIC: Switch to symmetric I/O mode setup
[    0.004000] x2apic enabled
[    0.004000] Switched APIC routing to physical x2apic.
[    0.005238] ..TIMER: vector=0x30 apic1=0 pin1=2 apic2=-1 pin2=-1
[    0.008004] tsc: Detected 3092.840 MHz processor
[    0.012012] Calibrating delay loop (skipped) preset value.. 6185.68 BogoMIPS (lpj=12371360)
[    0.014088] pid_max: default: 32768 minimum: 301
[    0.016041] Security Framework initialized
[    0.017151] Yama: becoming mindful.
[    0.018716] AppArmor: AppArmor initialized
[    0.020243] Dentry cache hash table entries: 131072 (order: 8, 1048576 bytes)
[    0.022179] Inode-cache hash table entries: 65536 (order: 7, 524288 bytes)
[    0.024023] Mount-cache hash table entries: 2048 (order: 2, 16384 bytes)
[    0.026378] Mountpoint-cache hash table entries: 2048 (order: 2, 16384 bytes)
[    0.028274] Last level iTLB entries: 4KB 1024, 2MB 1024, 4MB 1024
[    0.029996] Last level dTLB entries: 4KB 1024, 2MB 1024, 4MB 1024, 1GB 4
[    0.032005] Spectre V1 : Mitigation: usercopy/swapgs barriers and __user pointer sanitization
[    0.036004] Spectre V2 : Mitigation: Retpolines
[    0.037921] Spectre V2 : Spectre v2 / SpectreRSB mitigation: Filling RSB on context switch
[    0.040004] Speculative Store Bypass: Vulnerable
[    0.041594] SRBDS: Unknown: Dependent on hypervisor status
[    0.044004] MDS: Mitigation: Clear CPU buffers
[    0.045693] Freeing SMP alternatives memory: 36K
[    0.158066] smpboot: CPU0: Intel(R) Core(TM) i7-4770S CPU @ 3.10GHz (family: 0x6, model: 0x3c, stepping: 0x3)
[    0.160000] Performance Events: unsupported p6 CPU model 60 no PMU driver, software events only.
[    0.160042] Hierarchical SRCU implementation.
[    0.161615] NMI watchdog: Perf event create on CPU 0 failed with -2
[    0.164002] NMI watchdog: Perf NMI watchdog permanently disabled
[    0.165478] smp: Bringing up secondary CPUs ...
[    0.168080] x86: Booting SMP configuration:
[    0.169022] .... node  #0, CPUs:      #1
[    0.004000] kvm-clock: cpu 1, msr 0:3ff44041, secondary cpu clock
[    0.174255] smp: Brought up 1 node, 2 CPUs
[    0.174255] smpboot: Max logical packages: 1
[    0.176006] smpboot: Total of 2 processors activated (12371.36 BogoMIPS)
[    0.177591] devtmpfs: initialized
[    0.177591] x86/mm: Memory block size: 128MB
[    0.177767] evm: security.selinux
[    0.180003] evm: security.SMACK64
[    0.180874] evm: security.SMACK64EXEC
[    0.181709] evm: security.SMACK64TRANSMUTE
[    0.182519] evm: security.SMACK64MMAP
[    0.183262] evm: security.apparmor
[    0.184003] evm: security.ima
[    0.184679] evm: security.capability
[    0.185496] clocksource: jiffies: mask: 0xffffffff max_cycles: 0xffffffff, max_idle_ns: 7645041785100000 ns
[    0.188011] futex hash table entries: 512 (order: 3, 32768 bytes)
[    0.189222] pinctrl core: initialized pinctrl subsystem
[    0.192091] RTC time: 17:02:36, date: 01/14/23
[    0.193227] NET: Registered protocol family 16
[    0.194167] audit: initializing netlink subsys (disabled)
[    0.195283] audit: type=2000 audit(1673715762.547:1): state=initialized audit_enabled=0 res=1
[    0.196009] cpuidle: using governor ladder
[    0.196817] cpuidle: using governor menu
[    0.197737] ACPI: bus type PCI registered
[    0.198562] acpiphp: ACPI Hot Plug PCI Controller Driver version: 0.5
[    0.200102] PCI: Using configuration type 1 for base access
[    0.201332] HugeTLB registered 2.00 MiB page size, pre-allocated 0 pages
[    0.204053] ACPI: Added _OSI(Module Device)
[    0.205104] ACPI: Added _OSI(Processor Device)
[    0.205998] ACPI: Added _OSI(3.0 _SCP Extensions)
[    0.208005] ACPI: Added _OSI(Processor Aggregator Device)
[    0.209288] ACPI: Added _OSI(Linux-Dell-Video)
[    0.210414] ACPI: Added _OSI(Linux-Lenovo-NV-HDMI-Audio)
[    0.212011] ACPI: Added _OSI(Linux-HPI-Hybrid-Graphics)
[    0.213863] ACPI: Executed 1 blocks of module-level executable AML code
[    0.218169] ACPI: Interpreter enabled
[    0.220017] ACPI: (supports S0 S5)
[    0.220873] ACPI: Using IOAPIC for interrupt routing
[    0.222280] PCI: Using host bridge windows from ACPI; if necessary, use "pci=nocrs" and report a bug
[    0.224200] ACPI: Enabled 2 GPEs in block 00 to 07
[    0.232165] ACPI: PCI Root Bridge [PCI0] (domain 0000 [bus 00-ff])
[    0.233802] acpi PNP0A03:00: _OSC: OS supports [ASPM ClockPM Segments MSI]
[    0.235717] acpi PNP0A03:00: _OSC: not requesting OS control; OS requires [ExtendedConfig ASPM ClockPM MSI]
[    0.236012] acpi PNP0A03:00: fail to add MMCONFIG information, can't access extended PCI configuration space under this bridge.
[    0.240572] PCI host bridge to bus 0000:00
[    0.241759] pci_bus 0000:00: root bus resource [io  0x0000-0x0cf7 window]
[    0.244004] pci_bus 0000:00: root bus resource [io  0x0d00-0xffff window]
[    0.245431] pci_bus 0000:00: root bus resource [mem 0x000a0000-0x000bffff window]
[    0.247559] pci_bus 0000:00: root bus resource [mem 0x40000000-0xfdffffff window]
[    0.248004] pci_bus 0000:00: root bus resource [bus 00-ff]
[    0.253054] pci 0000:00:01.1: legacy IDE quirk: reg 0x10: [io  0x01f0-0x01f7]
[    0.254413] pci 0000:00:01.1: legacy IDE quirk: reg 0x14: [io  0x03f6]
[    0.255819] pci 0000:00:01.1: legacy IDE quirk: reg 0x18: [io  0x0170-0x0177]
[    0.256004] pci 0000:00:01.1: legacy IDE quirk: reg 0x1c: [io  0x0376]
[    0.271875] pci 0000:00:07.0: quirk: [io  0x4000-0x403f] claimed by PIIX4 ACPI
[    0.272032] pci 0000:00:07.0: quirk: [io  0x4100-0x410f] claimed by PIIX4 SMB
[    0.283517] ACPI: PCI Interrupt Link [LNKA] (IRQs 5 9 10 *11)
[    0.284300] ACPI: PCI Interrupt Link [LNKB] (IRQs 5 9 *10 11)
[    0.285655] ACPI: PCI Interrupt Link [LNKC] (IRQs 5 *9 10 11)
[    0.288111] ACPI: PCI Interrupt Link [LNKD] (IRQs 5 9 10 *11)
[    0.289952] SCSI subsystem initialized
[    0.290816] pci 0000:00:02.0: vgaarb: setting as boot VGA device
[    0.290816] pci 0000:00:02.0: vgaarb: VGA device added: decodes=io+mem,owns=io+mem,locks=none
[    0.292020] pci 0000:00:02.0: vgaarb: bridge control possible
[    0.293277] vgaarb: loaded
[    0.293926] ACPI: bus type USB registered
[    0.296024] usbcore: registered new interface driver usbfs
[    0.297087] usbcore: registered new interface driver hub
[    0.298141] usbcore: registered new device driver usb
[    0.300051] EDAC MC: Ver: 3.0.0
[    0.300990] PCI: Using ACPI for IRQ routing
[    0.301408] NetLabel: Initializing
[    0.302373] NetLabel:  domain hash size = 128
[    0.304002] NetLabel:  protocols = UNLABELED CIPSOv4 CALIPSO
[    0.305139] NetLabel:  unlabeled traffic allowed by default
[    0.306261] clocksource: Switched to clocksource kvm-clock
[    0.318305] VFS: Disk quotas dquot_6.6.0
[    0.319523] VFS: Dquot-cache hash table entries: 512 (order 0, 4096 bytes)
[    0.321215] AppArmor: AppArmor Filesystem Enabled
[    0.323749] pnp: PnP ACPI init
[    0.326041] pnp: PnP ACPI: found 3 devices
[    0.338037] clocksource: acpi_pm: mask: 0xffffff max_cycles: 0xffffff, max_idle_ns: 2085701024 ns
[    0.342439] NET: Registered protocol family 2
[    0.344901] IP idents hash table entries: 16384 (order: 5, 131072 bytes)
[    0.348303] TCP established hash table entries: 8192 (order: 4, 65536 bytes)
[    0.349904] TCP bind hash table entries: 8192 (order: 5, 131072 bytes)
[    0.351822] TCP: Hash tables configured (established 8192 bind 8192)
[    0.353307] UDP hash table entries: 512 (order: 2, 16384 bytes)
[    0.355364] UDP-Lite hash table entries: 512 (order: 2, 16384 bytes)
[    0.357251] NET: Registered protocol family 1
[    0.358131] pci 0000:00:00.0: Limiting direct PCI/PCI transfers
[    0.359388] pci 0000:00:01.0: Activating ISA DMA hang workarounds
[    0.361181] pci 0000:00:02.0: Video device with shadowed ROM at [mem 0x000c0000-0x000dffff]
[    0.363050] Unpacking initramfs...
[    0.644230] Freeing initrd memory: 19540K
[    0.645328] clocksource: tsc: mask: 0xffffffffffffffff max_cycles: 0x2c94dc1ce7d, max_idle_ns: 440795323863 ns
[    0.647614] platform rtc_cmos: registered platform RTC device (no PNP device found)
[    0.649317] Scanning for low memory corruption every 60 seconds
[    0.651111] Initialise system trusted keyrings
[    0.652209] Key type blacklist registered
[    0.653136] workingset: timestamp_bits=36 max_order=18 bucket_order=0
[    0.655423] zbud: loaded
[    0.656429] squashfs: version 4.0 (2009/01/31) Phillip Lougher
[    0.658149] fuse init (API version 7.26)
[    0.660768] Key type asymmetric registered
[    0.661726] Asymmetric key parser 'x509' registered
[    0.662708] Block layer SCSI generic (bsg) driver version 0.4 loaded (major 246)
[    0.664377] io scheduler noop registered
[    0.665239] io scheduler deadline registered
[    0.666108] io scheduler cfq registered (default)
[    0.667487] ACPI: AC Adapter [AC] (on-line)
[    0.668551] input: Power Button as /devices/LNXSYSTM:00/LNXPWRBN:00/input/input0
[    0.670191] ACPI: Power Button [PWRF]
[    0.671254] input: Sleep Button as /devices/LNXSYSTM:00/LNXSLPBN:00/input/input1
[    0.672957] ACPI: Sleep Button [SLPF]
[    0.674130] Serial: 8250/16550 driver, 32 ports, IRQ sharing enabled
[    0.696867] 00:02: ttyS0 at I/O 0x3f8 (irq = 4, base_baud = 115200) is a 16550A
[    0.700895] Linux agpgart interface v0.103
[    0.703216] loop: module loaded
[    0.704604] scsi host0: ata_piix
[    0.705382] scsi host1: ata_piix
[    0.706086] ata1: PATA max UDMA/33 cmd 0x1f0 ctl 0x3f6 bmdma 0xd000 irq 14
[    0.707399] ata2: PATA max UDMA/33 cmd 0x170 ctl 0x376 bmdma 0xd008 irq 15
[    0.708846] tun: Universal TUN/TAP device driver, 1.6
[    0.710169] PPP generic driver version 2.4.2
[    0.711161] ehci_hcd: USB 2.0 'Enhanced' Host Controller (EHCI) Driver
[    0.712628] ehci-pci: EHCI PCI platform driver
[    0.713547] ehci-platform: EHCI generic platform driver
[    0.714587] ohci_hcd: USB 1.1 'Open' Host Controller (OHCI) Driver
[    0.715898] ohci-pci: OHCI PCI platform driver
[    0.717122] ohci-platform: OHCI generic platform driver
[    0.718264] uhci_hcd: USB Universal Host Controller Interface driver
[    0.719555] i8042: PNP: PS/2 Controller [PNP0303:PS2K,PNP0f03:PS2M] at 0x60,0x64 irq 1,12
[    0.722182] serio: i8042 KBD port at 0x60,0x64 irq 1
[    0.723253] serio: i8042 AUX port at 0x60,0x64 irq 12
[    0.724626] mousedev: PS/2 mouse device common for all mice
[    0.726331] input: AT Translated Set 2 keyboard as /devices/platform/i8042/serio0/input/input2
[    0.728281] rtc_cmos rtc_cmos: rtc core: registered rtc_cmos as rtc0
[    0.729593] rtc_cmos rtc_cmos: alarms up to one day, 114 bytes nvram
[    0.730779] i2c /dev entries driver
[    0.731516] device-mapper: uevent: version 1.0.3
[    0.732884] device-mapper: ioctl: 4.37.0-ioctl (2017-09-20) initialised: dm-devel@redhat.com
[    0.734707] ledtrig-cpu: registered to indicate activity on CPUs
[    0.736296] NET: Registered protocol family 10
[    0.740742] Segment Routing with IPv6
[    0.741625] NET: Registered protocol family 17
[    0.742680] Key type dns_resolver registered
[    0.743859] mce: Using 0 MCE banks
[    0.744700] RAS: Correctable Errors collector initialized.
[    0.745959] sched_clock: Marking stable (744680526, 0)->(913754400, -169073874)
[    0.747766] registered taskstats version 1
[    0.748649] Loading compiled-in X.509 certificates
[    0.751505] Loaded X.509 cert 'Build time autogenerated kernel key: 5b165579d658a5808005e73a2425cc20635793b1'
[    0.754837] Loaded X.509 cert 'Canonical Ltd. Live Patch Signing: 14df34d1a87cf37625abec039ef2bf521249b969'
[    0.757496] Loaded X.509 cert 'Canonical Ltd. Kernel Module Signing: 88f752e560a1e0737e31163a466ad7b70a850c19'
[    0.759439] blacklist: Loading compiled-in revocation X.509 certificates
[    0.760838] Loaded X.509 cert 'Canonical Ltd. Secure Boot Signing: 61482aa2830d0ab2ad5af10b7250da9033ddcef0'
[    0.762873] zswap: loaded using pool lzo/zbud
[    0.766850] Key type big_key registered
[    0.767691] Key type trusted registered
[    0.769921] Key type encrypted registered
[    0.770957] AppArmor: AppArmor sha1 policy hashing enabled
[    0.772213] ima: No TPM chip found, activating TPM-bypass! (rc=-19)
[    0.773879] ima: Allocated hash algorithm: sha1
[    0.774760] evm: HMAC attrs: 0x1
[    0.776064]   Magic number: 7:784:36
[    0.776821] bdi 7:1: hash matches
[    0.777594] misc loop-control: hash matches
[    0.778568] rtc_cmos rtc_cmos: setting system clock to 2023-01-14 17:02:37 UTC (1673715757)
[    0.780611] BIOS EDD facility v0.16 2004-Jun-25, 0 devices found
[    0.781896] EDD information not available.
[    0.912580] Freeing unused kernel image memory: 2468K
[    1.478519] Write protecting the kernel read-only data: 20480k
[    1.480423] Freeing unused kernel image memory: 2008K
[    1.481793] Freeing unused kernel image memory: 1820K
[    1.488091] x86/mm: Checked W+X mappings: passed, no W+X pages found.
[    1.489457] x86/mm: Checking user space page tables
[    1.495554] x86/mm: Checked W+X mappings: passed, no W+X pages found.
Loading, please wait...
starting version 237
[    1.562525] e1000: Intel(R) PRO/1000 Network Driver - version 7.3.21-k8-NAPI
[    1.564749] e1000: Copyright (c) 1999-2006 Intel Corporation.
[    1.566515] Fusion MPT base driver 3.04.20
[    1.567621] Copyright (c) 1999-2008 LSI Corporation
[    1.576598] Fusion MPT SPI Host driver 3.04.20
[    1.583098] AVX2 version of gcm_enc/dec engaged.
[    1.584624] AES CTR mode by8 optimization enabled
[    1.769250] input: ImExPS/2 Generic Explorer Mouse as /devices/platform/i8042/serio1/input/input4
[    2.002620] e1000 0000:00:03.0 eth0: (PCI:33MHz:32-bit) 02:36:1c:f2:a8:92
[    2.004619] e1000 0000:00:03.0 eth0: Intel(R) PRO/1000 Network Connection
[    2.414315] e1000 0000:00:08.0 eth1: (PCI:33MHz:32-bit) 08:00:27:0d:87:81
[    2.415666] e1000 0000:00:08.0 eth1: Intel(R) PRO/1000 Network Connection
[    2.418496] e1000 0000:00:08.0 enp0s8: renamed from eth1
[    2.420529] mptbase: ioc0: Initiating bringup
[    2.437425] e1000 0000:00:03.0 enp0s3: renamed from eth0
[    2.651147] ioc0: LSI53C1030 A0: Capabilities={Initiator}
[    4.516785] scsi host2: ioc0: LSI53C1030 A0, FwRev=00000000h, Ports=1, MaxQ=256, IRQ=20
[    7.434919] scsi 2:0:0:0: Direct-Access     VBOX     HARDDISK         1.0  PQ: 0 ANSI: 5
[    7.472164] scsi target2:0:0: Beginning Domain Validation
[    7.475425] scsi target2:0:0: Domain Validation skipping write tests
[    7.476832] scsi target2:0:0: Ending Domain Validation
[    7.478044] scsi target2:0:0: asynchronous
[    7.479689] scsi 2:0:1:0: Direct-Access     VBOX     HARDDISK         1.0  PQ: 0 ANSI: 5
[    7.512119] scsi target2:0:1: Beginning Domain Validation
[    7.514523] random: fast init done
[    7.515875] scsi target2:0:1: Domain Validation skipping write tests
[    7.518346] scsi target2:0:1: Ending Domain Validation
[    7.519439] scsi target2:0:1: asynchronous
[    7.524191] random: systemd-udevd: uninitialized urandom read (16 bytes read)
[    7.525965] sd 2:0:0:0: Attached scsi generic sg0 type 0
[    7.525973] random: systemd-udevd: uninitialized urandom read (16 bytes read)
[    7.530225] random: systemd-udevd: uninitialized urandom read (16 bytes read)
[    7.532085] sd 2:0:1:0: Attached scsi generic sg1 type 0
[    7.532092] sd 2:0:0:0: [sda] 83886080 512-byte logical blocks: (42.9 GB/40.0 GiB)
[    7.535218] sd 2:0:0:0: [sda] Write Protect is off
[    7.535242] sd 2:0:1:0: [sdb] 20480 512-byte logical blocks: (10.5 MB/10.0 MiB)
[    7.536478] sd 2:0:0:0: [sda] Incomplete mode parameter data
[    7.539870] sd 2:0:0:0: [sda] Assuming drive cache: write through
[    7.539898] sd 2:0:1:0: [sdb] Write Protect is off
[    7.542913]  sda: sda1
[    7.544473] sd 2:0:1:0: [sdb] Incomplete mode parameter data
[    7.544512] sd 2:0:0:0: [sda] Attached SCSI disk
[    7.545673] sd 2:0:1:0: [sdb] Assuming drive cache: write through
[    7.550417] sd 2:0:1:0: [sdb] Attached SCSI disk
Begin: Loading essential drivers ... [    8.988106] raid6: sse2x1   gen()  9686 MB/s
[    9.036171] raid6: sse2x1   xor()  7634 MB/s
[    9.084103] raid6: sse2x2   gen() 13280 MB/s
[    9.132344] raid6: sse2x2   xor()  8637 MB/s
[    9.180101] raid6: sse2x4   gen() 15283 MB/s
[    9.228058] raid6: sse2x4   xor()  9618 MB/s
[    9.276100] raid6: avx2x1   gen() 21464 MB/s
[    9.324083] raid6: avx2x1   xor() 14590 MB/s
[    9.372054] raid6: avx2x2   gen() 25178 MB/s
[    9.420224] raid6: avx2x2   xor() 14552 MB/s
[    9.470211] raid6: avx2x4   gen() 28784 MB/s
[    9.516213] raid6: avx2x4   xor() 17322 MB/s
[    9.517196] raid6: using algorithm avx2x4 gen() 28784 MB/s
[    9.518437] raid6: .... xor() 17322 MB/s, rmw enabled
[    9.520002] raid6: using avx2x2 recovery algorithm
[    9.522081] xor: automatically using best checksumming function   avx       
[    9.524469] async_tx: api initialized (async)
done.
Begin: Running /scripts/init-premount ... done.
Begin: Mounting root file system ... Begin: Running /scripts/local-top ... done.
Begin: Running /scripts/local-premount ... [    9.572303] Btrfs loaded, crc32c=crc32c-intel
Scanning for Btrfs filesystems
done.
Warning: fsck not present, so skipping root file system
[    9.602731] EXT4-fs (sda1): mounted filesystem with ordered data mode. Opts: (null)
done.
Begin: Running /scripts/local-bottom ... done.
Begin: Running /scripts/init-bottom ... done.
[    9.797173] ip_tables: (C) 2000-2006 Netfilter Core Team
[    9.807668] systemd[1]: systemd 237 running in system mode. (+PAM +AUDIT +SELINUX +IMA +APPARMOR +SMACK +SYSVINIT +UTMP +LIBCRYPTSETUP +GCRYPT +GNUTLS +ACL +XZ +LZ4 +SECCOMP +BLKID +ELFUTILS +KMOD -IDN2 +IDN -PCRE2 default-hierarchy=hybrid)
[    9.812951] systemd[1]: Detected virtualization oracle.
[    9.814223] systemd[1]: Detected architecture x86-64.

Welcome to [1mUbuntu 18.04.6 LTS[0m!

[    9.821026] systemd[1]: Set hostname to <ubuntu>.
[    9.828754] systemd[1]: Initializing machine ID from random generator.
[    9.830067] systemd[1]: Installed transient /etc/machine-id file.
[   10.091693] systemd[1]: Set up automount Arbitrary Executable File Formats File System Automount Point.
[[0;32m  OK  [0m] Set up automount Arbitrary Executab…rmats File System Automount Point.
[   10.095976] systemd[1]: Reached target System Time Synchronized.
[[0;32m  OK  [0m] Reached target System Time Synchronized.
[   10.099793] systemd[1]: Created slice System Slice.
[[0;32m  OK  [0m] Created slice System Slice.
[   10.101828] systemd[1]: Listening on udev Kernel Socket.
[[0;32m  OK  [0m] Listening on udev Kernel Socket.
[[0;32m  OK  [0m] Listening on Syslog Socket.
[[0;32m  OK  [0m] Listening on LVM2 poll daemon socket.
[[0;32m  OK  [0m] Created slice system-serial\x2dgetty.slice.
[[0;32m  OK  [0m] Listening on Device-mapper event daemon FIFOs.
[[0;32m  OK  [0m] Reached target Swap.
[[0;32m  OK  [0m] Started Forward Password Requests to Wall Directory Watch.
[[0;32m  OK  [0m] Listening on Network Service Netlink Socket.
[[0;32m  OK  [0m] Listening on /dev/initctl Compatibility Named Pipe.
[[0;32m  OK  [0m] Listening on Journal Audit Socket.
[[0;32m  OK  [0m] Listening on Journal Socket.
         Starting Create list of required st…ce nodes for the current kernel...
         Mounting POSIX Message Queue File System...
         Starting Load Kernel Modules...
         Mounting Kernel Debug File System...
         Starting Set the console keyboard layout...
         Starting Uncomplicated firewall...
[   10.211357] Loading iSCSI transport class v2.0-870.
[[0;32m  OK  [0m] Listening on Journal Socket (/dev/log).
         Starting Journal Service...
[[0;32m  OK  [0m] Listening on fsck to fsckd communication Socket.
[[0;32m  OK  [0m] Listening on LVM2 metadata daemon socket.
         Starting Monitoring of LVM2 mirrors…ng dmeventd or progress polling...
         Mounting Huge Pages File System...
[   10.225875] iscsi: registered transport (tcp)
[[0;32m  OK  [0m] Listening on udev Control Socket.
         Starting udev Coldplug all Devices...
[[0;32m  OK  [0m] Reached target User and Group Name Lookups.
         Starting File System Check on Root Device...
[   10.246225] iscsi: registered transport (iser)
[[0;32m  OK  [0m] Created slice User and Session Slice.
[[0;32m  OK  [0m] Reached target Slices.
[[0;32m  OK  [0m] Started Create list of required sta…vice nodes for the current kernel.
[[0;32m  OK  [0m] Mounted POSIX Message Queue File System.
[[0;32m  OK  [0m] Started Load Kernel Modules.
[[0;32m  OK  [0m] Mounted Kernel Debug File System.
[[0;32m  OK  [0m] Started Uncomplicated firewall.
[[0;32m  OK  [0m] Mounted Huge Pages File System.
         Starting Apply Kernel Variables...
         Mounting Kernel Configuration File System...
         Mounting FUSE Control File System...
         Starting Create Static Device Nodes in /dev...
[[0;32m  OK  [0m] Mounted Kernel Configuration File System.
[[0;32m  OK  [0m] Mounted FUSE Control File System.
[[0;32m  OK  [0m] Started LVM2 metadata daemon.
[[0;32m  OK  [0m] Started Journal Service.
[[0;32m  OK  [0m] Started File System Check Daemon to report status.
[[0;32m  OK  [0m] Started Create Static Device Nodes in /dev.
[[0;32m  OK  [0m] Started udev Coldplug all Devices.
[[0;32m  OK  [0m] Started Apply Kernel Variables.
[[0;32m  OK  [0m] Started Monitoring of LVM2 mirrors,…sing dmeventd or progress polling.
[[0;32m  OK  [0m] Started File System Check on Root Device.
         Starting Remount Root and Kernel File Systems...
[[0;32m  OK  [0m] Started Remount Root and Kernel File Systems.
         Starting Flush Journal to Persistent Storage...
         Starting udev Kernel Device Manager...
         Starting Load/Save Random Seed...
[[0;32m  OK  [0m] Started Set the console keyboard layout.
[[0;32m  OK  [0m] Reached target Local File Systems (Pre).
[[0;32m  OK  [0m] Reached target Local File Systems.
         Starting ebtables ruleset management...
         Starting Commit a transient machine-id on disk...
         Starting Set console font and keymap...
         Starting AppArmor initialization...
         Starting Tell Plymouth To Write Out Runtime Data...
[[0;32m  OK  [0m] Started udev Kernel Device Manager.
[[0;32m  OK  [0m] Started Load/Save Random Seed.
[[0;32m  OK  [0m] Started Dispatch Password Requests to Console Directory Watch.
[[0;32m  OK  [0m] Reached target Local Encrypted Volumes.
[[0;32m  OK  [0m] Started Set console font and keymap.
[[0;32m  OK  [0m] Started Tell Plymouth To Write Out Runtime Data.
[[0;32m  OK  [0m] Started Flush Journal to Persistent Storage.
         Starting Create Volatile Files and Directories...
[[0;32m  OK  [0m] Started Commit a transient machine-id on disk.
[[0;32m  OK  [0m] Started Create Volatile Files and Directories.
         Starting Update UTMP about System Boot/Shutdown...
[[0;32m  OK  [0m] Started Update UTMP about System Boot/Shutdown.
[[0;32m  OK  [0m] Started ebtables ruleset management.
[[0;32m  OK  [0m] Found device /dev/ttyS0.
[[0;32m  OK  [0m] Listening on Load/Save RF Kill Switch Status /dev/rfkill Watch.
[[0;32m  OK  [0m] Started AppArmor initialization.
         Starting Load AppArmor profiles managed internally by snapd...
         Starting Initial cloud-init job (pre-networking)...
[[0;32m  OK  [0m] Started Load AppArmor profiles managed internally by snapd.
[   12.727178] cloud-init[570]: Cloud-init v. 22.1-14-g2e17a0d6-0ubuntu1~18.04.3 running 'init-local' at Sat, 14 Jan 2023 17:02:49 +0000. Up 12.43 seconds.
[[0;32m  OK  [0m] Started Initial cloud-init job (pre-networking).
[[0;32m  OK  [0m] Reached target Network (Pre).
         Starting Network Service...
[[0;32m  OK  [0m] Started Network Service.
         Starting Wait for Network to be Configured...
         Starting Network Name Resolution...
[[0;32m  OK  [0m] Started Network Name Resolution.
[[0;32m  OK  [0m] Reached target Network.
[[0;32m  OK  [0m] Reached target Host and Network Name Lookups.
[[0;32m  OK  [0m] Started Wait for Network to be Configured.
         Starting Initial cloud-init job (metadata service crawler)...
[   15.149238] cloud-init[679]: Cloud-init v. 22.1-14-g2e17a0d6-0ubuntu1~18.04.3 running 'init' at Sat, 14 Jan 2023 17:02:51 +0000. Up 14.97 seconds.
[   15.150980] cloud-init[679]: ci-info: ++++++++++++++++++++++++++++++++++++++Net device info+++++++++++++++++++++++++++++++++++++++
[   15.153107] cloud-init[679]: ci-info: +--------+-------+----------------------------+---------------+--------+-------------------+
[   15.155725] cloud-init[679]: ci-info: | Device |   Up  |          Address           |      Mask     | Scope  |     Hw-Address    |
[   15.172202] cloud-init[679]: ci-info: +--------+-------+----------------------------+---------------+--------+-------------------+
[   15.174019] cloud-init[679]: ci-info: | enp0s3 |  True |         10.0.2.15          | 255.255.255.0 | global | 02:36:1c:f2:a8:92 |
[   15.175920] cloud-init[679]: ci-info: | enp0s3 |  True | fe80::36:1cff:fef2:a892/64 |       .       |  link  | 02:36:1c:f2:a8:92 |
[   15.177608] cloud-init[679]: ci-info: | enp0s8 | False |             .              |       .       |   .    | 08:00:27:0d:87:81 |
[   15.178890] cloud-init[679]: ci-info: |   lo   |  True |         127.0.0.1          |   255.0.0.0   |  host  |         .         |
[   15.180695] cloud-init[679]: ci-info: |   lo   |  True |          ::1/128           |       .       |  host  |         .         |
[   15.182849] cloud-init[679]: ci-info: +--------+-------+----------------------------+---------------+--------+-------------------+
[   15.185130] cloud-init[679]: ci-info: ++++++++++++++++++++++++++++Route IPv4 info+++++++++++++++++++++++++++++
[   15.186830] cloud-init[679]: ci-info: +-------+-------------+----------+-----------------+-----------+-------+
[   15.188951] cloud-init[679]: ci-info: | Route | Destination | Gateway  |     Genmask     | Interface | Flags |
[   15.190806] cloud-init[679]: ci-info: +-------+-------------+----------+-----------------+-----------+-------+
[   15.192660] cloud-init[679]: ci-info: |   0   |   0.0.0.0   | 10.0.2.2 |     0.0.0.0     |   enp0s3  |   UG  |
[   15.193803] cloud-init[679]: ci-info: |   1   |   10.0.2.0  | 0.0.0.0  |  255.255.255.0  |   enp0s3  |   U   |
[   15.195640] cloud-init[679]: ci-info: |   2   |   10.0.2.2  | 0.0.0.0  | 255.255.255.255 |   enp0s3  |   UH  |
[   15.197696] cloud-init[679]: ci-info: +-------+-------------+----------+-----------------+-----------+-------+
[   15.199668] cloud-init[679]: ci-info: +++++++++++++++++++Route IPv6 info+++++++++++++++++++
[   15.201483] cloud-init[679]: ci-info: +-------+-------------+---------+-----------+-------+
[   15.203564] cloud-init[679]: ci-info: | Route | Destination | Gateway | Interface | Flags |
[   15.205407] cloud-init[679]: ci-info: +-------+-------------+---------+-----------+-------+
[   15.207164] cloud-init[679]: ci-info: |   1   |  fe80::/64  |    ::   |   enp0s3  |   U   |
[   15.208888] cloud-init[679]: ci-info: |   3   |    local    |    ::   |   enp0s3  |   U   |
[   15.212404] cloud-init[679]: ci-info: |   4   |   ff00::/8  |    ::   |   enp0s3  |   U   |
[   15.213907] cloud-init[679]: ci-info: +-------+-------------+---------+-----------+-------+
[   15.798373] cloud-init[679]: Generating public/private rsa key pair.
[   15.799485] cloud-init[679]: Your identification has been saved in /etc/ssh/ssh_host_rsa_key.
[   15.801055] cloud-init[679]: Your public key has been saved in /etc/ssh/ssh_host_rsa_key.pub.
[   15.802435] cloud-init[679]: The key fingerprint is:
[   15.803555] cloud-init[679]: SHA256:zCRvb9I6jtoCFKQ0+6KhvICaWT75/5dZjWiWYC4Hwd8 root@ubuntu-bionic
[   15.805789] cloud-init[679]: The key's randomart image is:
[   15.816254] cloud-init[679]: +---[RSA 2048]----+
[   15.828350] cloud-init[679]: | +.  .           |
[   15.840309] cloud-init[679]: |..+   o          |
[   15.841056] cloud-init[679]: |.. .  .o..       |
[   15.841841] cloud-init[679]: |  o   .*+ E      |
[   15.842855] cloud-init[679]: |.o .   +S. o o   |
[   15.843622] cloud-init[679]: |=.o   ..oo= o .  |
[[0;32m  OK  [0m] Started Initial cloud-init job (metadata service crawler).
[[0;32m  OK  [0m] Reached target Cloud-config availability.
[[0;32m  OK  [0m] Reached target System Initialization.
[[0;32m  OK  [0m] Started Daily Cleanup of Temporary Directories.
[[0;32m  OK  [0m[   15.863494] ] cloud-initListening on UUID daemon activation socket.[679]: 
|=..o   o.o++     |
[[0;32m  OK  [0m[   15.888325] cloud-init[679]: |o=+ .. ..++      |
[   15.888629] cloud-init[679]: |+..oo++o+o       |
[   15.889449] cloud-init[679]: +----[SHA256]-----+
[   15.890297] cloud-init[679]: Generating public/private dsa key pair.
[   15.890770] cloud-init[679]: Your identification has been saved in /etc/ssh/ssh_host_dsa_key.
[   15.891767] cloud-init[679]: Your public key has been saved in /etc/ssh/ssh_host_dsa_key.pub.
[   15.892265] cloud-init[679]: The key fingerprint is:
[   15.893276] cloud-init[679]: SHA256:ISsiZjjdbKTqx6QgRRPf0Ea10kZ0J6jumIKbKtMdgGk root@ubuntu-bionic
[   15.893920] cloud-init[679]: The key's randomart image is:
[   15.894683] cloud-init[679]: +---[DSA 1024]----+
[   15.895599] cloud-init[679]: |  ...o.o+.o .    |
[   15.895797] cloud-init[679]: |  o. ooo.o o     |
[   15.896288] cloud-init[679]: | + .o.+.=        |
[   15.896528] cloud-init[679]: |+Eo=  .= .       |
[   15.896704] cloud-init[679]: |=++.=.. S        |
[   15.896745] cloud-init[679]: |=+ +...          |
[   15.897116] cloud-init[679]: |+o+. =           |
[   15.897157] cloud-init[679]: |=ooo+ .          |
[   15.899704] cloud-init[679]: |*+..             |
[   15.900619] cloud-init[679]: +----[SHA256]-----+
[   15.901028] cloud-init[679]: Generating public/private ecdsa key pair.
] Listening on cloud-init hotplug hook socket.
[   15.902312] cloud-init[679]: Your identification has been saved in /etc/ssh/ssh_host_ecdsa_key.
[[   15.904414] cloud-init[679]: Your public key has been saved in /etc/ssh/ssh_host_ecdsa_key.pub.
[   15.904513] cloud-init[679]: The key fingerprint is:
[   15.905772] cloud-init[679]: SHA256:ILw/7lKKn2TnWyYjMr5/dEhPvhb2/95ofykSVT9yx80 root@ubuntu-bionic
[   15.906036] cloud-init[679]: The key's randomart image is:
[   15.907510] cloud-init[679]: +---[ECDSA 256]---+
[0;32m  OK  [0m] Started Ubuntu Advantage Timer for running repeated jobs.
[   15.908299] cloud-init[679]: |                 |
[[   15.920842] cloud-init[679]: |   .           . |
[   15.921004] cloud-init[679]: |    o .       .oo|
[0;32m  OK  [0m[   15.922023] cloud-init[679]: |     o...    o oE|
[   15.922743] cloud-init[679]: |    .. =S   . o o|
[   15.923383] cloud-init[679]: |     .+ *  .     |
[   15.923598] cloud-init[679]: |  o.++*oo+  .   .|
[   15.923777] cloud-init[679]: | ..=o*.*o .. ..+.|
[   15.924969] cloud-init[679]: |  o+++=o   .o+=.+|
[   15.925341] cloud-init[679]: +----[SHA256]-----+
[   15.926235] cloud-init[679]: Generating public/private ed25519 key pair.
[   15.926549] cloud-init[679]: Your identification has been saved in /etc/ssh/ssh_host_ed25519_key.
[   15.926873] cloud-init[679]: Your public key has been saved in /etc/ssh/ssh_host_ed25519_key.pub.
[   15.927695] cloud-init[679]: The key fingerprint is:
] [   15.930413] cloud-init[679]: SHA256:dpecAlFZ6HwT4kS2I7pLGCmrhf6DOV04RYDCZLscU8w root@ubuntu-bionic
[   15.930501] cloud-init[679]: The key's randomart image is:
[   15.931126] cloud-init[679]: +--[ED25519 256]--+
[   15.931967] cloud-init[679]: |oo+o.   .o++.    |
[   15.932482] cloud-init[679]: |oooE .   o=..    |
[   15.933515] cloud-init[679]: |.+  .   o=o. .   |
[   15.933821] cloud-init[679]: |. +  o . o+ooo   |
[   15.934437] cloud-init[679]: | o. = . S o.=.   |
[   15.935018] cloud-init[679]: | . = + o . o     |
[   15.935283] cloud-init[679]: |. * + o          |
[   15.935961] cloud-init[679]: |.* o . .         |
[   15.936978] cloud-init[679]: |..o.. .          |
[   15.937189] cloud-init[679]: +----[SHA256]-----+
Started Daily apt download activities.
[[0;32m  OK  [0m] Started Daily apt upgrade and clean activities.
         Starting LXD - unix socket.
[[0;32m  OK  [0m] Listening on Open-iSCSI iscsid Socket.
[[0;32m  OK  [0m] Listening on ACPID Listen Socket.
[[0;32m  OK  [0m] Started Trigger to poll for Ubuntu …(Only enabled on GCP LTS non-pro).
[[0;32m  OK  [0m] Started ACPI Events Check.
[[0;32m  OK  [0m] Reached target Paths.
[[0;32m  OK  [0m] Listening on D-Bus System Message Bus Socket.
         Starting Socket activation for snappy daemon.
[[0;32m  OK  [0m] Started Discard unused blocks once a week.
[[0;32m  OK  [0m] Started Message of the Day.
[[0;32m  OK  [0m] Reached target Timers.
[[0;32m  OK  [0m] Reached target Network is Online.
[[0;32m  OK  [0m] Reached target Remote File Systems (Pre).
[[0;32m  OK  [0m] Reached target Remote File Systems.
         Starting Availability of block devices...
[[0;32m  OK  [0m] Listening on LXD - unix socket.
[[0;32m  OK  [0m] Listening on Socket activation for snappy daemon.
[[0;32m  OK  [0m] Started Availability of block devices.
[[0;32m  OK  [0m] Reached target Sockets.
[[0;32m  OK  [0m] Reached target Basic System.
         Starting LSB: automatic crash report generation...
         Starting Permit User Sessions...
         Starting LSB: Record successful boot for GRUB...
         Starting Pollinate to seed the pseudo random number generator...
         Starting Accounts Service...
[[0;32m  OK  [0m] Started Deferred execution scheduler.
         Starting LXD - container startup/shutdown...
         Starting System Logging Service...
         Starting Virtualbox guest utils...
         Starting Dispatcher daemon for systemd-networkd...
[[0;32m  OK  [0m] Started FUSE filesystem for LXC.
         Starting Login Service...
[[0;32m  OK  [0m] Started Regular background program processing daemon.
         Starting Snap Daemon...
[[0;32m  OK  [0m] Started D-Bus System Message Bus.
[[0;32m  OK  [0m] Started irqbalance daemon.
[[0;32m  OK  [0m] Started System Logging Service.
[[0;32m  OK  [0m] Started Permit User Sessions.
[[0;32m  OK  [0m] Started LXD - container startup/shutdown.
[[0;32m  OK  [0m] Started Login Service.
         Starting Authorization Manager...
[[0;32m  OK  [0m] Started Unattended Upgrades Shutdown.
         Starting Terminate Plymouth Boot Screen...
         Starting Hold until boot process finishes up...
[[0;32m  OK  [0m] Started Dispatcher daemon for systemd-networkd.
[[0;32m  OK  [0m] Started Terminate Plymouth Boot Screen.
[[0;32m  OK  [0m] Started Hold until boot process finishes up.
[[0;32m  OK  [0m] Started Serial Getty on ttyS0.
         Starting Set console scheme...
[[0;32m  OK  [0m] Started Authorization Manager.
[[0;32m  OK  [0m] Started Accounts Service.
[[0;32m  OK  [0m] Started Set console scheme.
[[0;32m  OK  [0m] Created slice system-getty.slice.
[[0;32m  OK  [0m] Started Getty on tty1.
[[0;32m  OK  [0m] Reached target Login Prompts.
[[0;32m  OK  [0m] Started LSB: automatic crash report generation.
[[0;32m  OK  [0m] Started LSB: Record successful boot for GRUB.
[[0;32m  OK  [0m] Started Virtualbox guest utils.
[[0;32m  OK  [0m] Started Snap Daemon.
         Starting Wait until snapd is fully seeded...
         Starting Time & Date Service...
[[0;32m  OK  [0m] Started Time & Date Service.
[[0;32m  OK  [0m] Started Pollinate to seed the pseudo random number generator.
         Starting OpenBSD Secure Shell server...
[[0;32m  OK  [0m] Started OpenBSD Secure Shell server.
[[0;32m  OK  [0m] Created slice User Slice of vagrant.
         Starting User Manager for UID 1000...
[[0;32m  OK  [0m] Started Session 1 of user vagrant.
[[0;32m  OK  [0m] Started User Manager for UID 1000.
[[0;32m  OK  [0m] Started Wait until snapd is fully seeded.
         Starting Apply the settings specified in cloud-config...
[[0;32m  OK  [0m] Reached target Multi-User System.
[[0;32m  OK  [0m] Reached target Graphical Interface.
         Starting Update UTMP about System Runlevel Changes...
[[0;32m  OK  [0m] Started Update UTMP about System Runlevel Changes.
[   20.959082] cloud-init[1282]: Cloud-init v. 22.1-14-g2e17a0d6-0ubuntu1~18.04.3 running 'modules:config' at Sat, 14 Jan 2023 17:02:56 +0000. Up 20.17 seconds.
[[0;32m  OK  [0m] Started Apply the settings specified in cloud-config.
         Starting Execute cloud user/final scripts...
ci-info: no authorized SSH keys fingerprints found for user ubuntu.
<14>Jan 14 17:02:58 cloud-init: #############################################################
<14>Jan 14 17:02:58 cloud-init: -----BEGIN SSH HOST KEY FINGERPRINTS-----
<14>Jan 14 17:02:58 cloud-init: 1024 SHA256:ISsiZjjdbKTqx6QgRRPf0Ea10kZ0J6jumIKbKtMdgGk root@ubuntu-bionic (DSA)
<14>Jan 14 17:02:58 cloud-init: 256 SHA256:ILw/7lKKn2TnWyYjMr5/dEhPvhb2/95ofykSVT9yx80 root@ubuntu-bionic (ECDSA)
<14>Jan 14 17:02:58 cloud-init: 256 SHA256:dpecAlFZ6HwT4kS2I7pLGCmrhf6DOV04RYDCZLscU8w root@ubuntu-bionic (ED25519)
<14>Jan 14 17:02:58 cloud-init: 2048 SHA256:zCRvb9I6jtoCFKQ0+6KhvICaWT75/5dZjWiWYC4Hwd8 root@ubuntu-bionic (RSA)
<14>Jan 14 17:02:58 cloud-init: -----END SSH HOST KEY FINGERPRINTS-----
<14>Jan 14 17:02:58 cloud-init: #############################################################
-----BEGIN SSH HOST KEY KEYS-----
ecdsa-sha2-nistp256 AAAAE2VjZHNhLXNoYTItbmlzdHAyNTYAAAAIbmlzdHAyNTYAAABBBOv8sc/nawnkJwszX0FppnV7zMckuQjG1dzQcHEGhYcdc2dciahGdoTt5x2pzZRi6uVDUgor4mcTDxITBk4QJJc= root@ubuntu-bionic
ssh-ed25519 AAAAC3NzaC1lZDI1NTE5AAAAICvxYvX1hvgAhDniNeDSbZIltCroQ6BtqjLlzSkQLlYl root@ubuntu-bionic
ssh-rsa AAAAB3NzaC1yc2EAAAADAQABAAABAQDExR7dVHCebNQ3INJS6XLjAmdOpxG38QWFGwxMVysJh5AKvHX8KQyZHPQ9YEWmaK2HvyN5n7ihiy/hV8U9tS+P8H50iXy+hq7QAUq3rsy8l/Aglsxwj9rlM05Zb0t7npniJkU/a7us+pHdAsEbvxS3cTJfqshIzAKhkOuomhxFTPr2pO3ZNLSSRcTF47x0OoM5tbI5Mu3zuQ8ArQo1/wP3gxKyRF9dt1rr0N2nXCduh7pC0JvJeAeYw93UQh1sdOWXjzYY/RQ017ZQnh7EmqT+34Q2T+dvFHf6o80722UfBGumFX3xPrZKzBSAsm7dfO60RA92U1QIGNA0myQDVykZ root@ubuntu-bionic
-----END SSH HOST KEY KEYS-----
[   21.687955] cloud-init[1403]: Cloud-init v. 22.1-14-g2e17a0d6-0ubuntu1~18.04.3 running 'modules:final' at Sat, 14 Jan 2023 17:02:58 +0000. Up 21.50 seconds.
[   21.700330] cloud-init[1403]: Cloud-init v. 22.1-14-g2e17a0d6-0ubuntu1~18.04.3 finished at Sat, 14 Jan 2023 17:02:58 +0000. Datasource DataSourceNoCloud [seed=/dev/sdb][dsmode=net].  Up 21.68 seconds

Ubuntu 18.04.6 LTS ubuntu-bionic ttyS0

ubuntu-bionic login: [[0;32m  OK  [0m] Stopped target Host and Network Name Lookups.
[[0;32m  OK  [0m] Stopped target Timers.
  [[0;32m  OK  [0m] Stopped Unattended Upgrades Shutdown.
[[0;32m  OK  [0m] Stopped target Cloud-init target.
[[0;32m  OK  [0m] Stopped Execute cloud user/final scripts.
[[0;32m  OK  [0m] Stopped Apply the settings specified in cloud-config.
[[0;32m  OK  [0m] Stopped target Timers.
[[0;32m  OK  [0m] Stopped Message of the Day.
         Stopping User Manager for UID 1000...
         Stopping Availability of block devices...
[[0;32m  OK  [0m] Stopped Ubuntu Advantage Timer for running repeated jobs.
[[0;32m  OK  [0m] Stopped target Host and Network Name Lookups.
[[0;32m  OK  [0m] Stopped Discard unused blocks once a week.
[[0;32m  OK  [0m] Stopped target Graphical Interface.
         Stopping Accounts Service...
[[0;32m  OK  [0m] Stopped target Multi-User System.
         Stopping LXD - container startup/shutdown...
         Stopping Virtualbox guest utils...
         Stopping Regular background program processing daemon...
         Stopping FUSE filesystem for LXC...
         Stopping LSB: automatic crash report generation...
[[0;32m  OK  [0m] Stopped target Login Prompts.
         Stopping Serial Getty on ttyS0...
         Stopping Getty on tty1...
         Stopping LSB: Record successful boot for GRUB...
         Stopping D-Bus System Message Bus...
         Stopping OpenBSD Secure Shell server...
         Stopping Dispatcher daemon for systemd-networkd...
         Stopping MySQL Community Server...
[[0;32m  OK  [0m] Stopped Daily apt upgrade and clean activities.
[[0;32m  OK  [0m] Stopped Daily Cleanup of Temporary Directories.
         Stopping Authorization Manager...
         Stopping Session 20 of user vagrant.
[[0;32m  OK  [0m] Stopped target Cloud-config availability.
         Stopping Deferred execution scheduler...
[[0;32m  OK  [0m] Closed Load/Save RF Kill Switch Status /dev/rfkill Watch.
         Stopping System Logging Service...
[[0;32m  OK  [0m] Stopped Wait until snapd is fully seeded.
[[0;32m  OK  [0m] Stopped Daily apt download activities.
[[0;32m  OK  [0m] Stopped target System Time Synchronized.
         Stopping irqbalance daemon...
[[0;32m  OK  [0m] Unmounted /var/lib/lxcfs.
[[0;32m  OK  [0m] Stopped Dispatcher daemon for systemd-networkd.
[[0;32m  OK  [0m] Stopped Regular background program processing daemon.
[[0;32m  OK  [0m] Stopped irqbalance daemon.
[[0;32m  OK  [0m] Stopped Accounts Service.
[[0;32m  OK  [0m] Stopped Deferred execution scheduler.
[[0;32m  OK  [0m] Stopped System Logging Service.
[[0;32m  OK  [0m] Stopped Serial Getty on ttyS0.
[[0;32m  OK  [0m] Stopped Getty on tty1.
[[0;32m  OK  [0m] Stopped Authorization Manager.
[[0;32m  OK  [0m] Stopped OpenBSD Secure Shell server.
[[0;32m  OK  [0m] Stopped User Manager for UID 1000.
[[0;32m  OK  [0m] Stopped Availability of block devices.
[[0;32m  OK  [0m] Stopped D-Bus System Message Bus.
[[0;32m  OK  [0m] Stopped FUSE filesystem for LXC.
[[0;32m  OK  [0m] Stopped Session 20 of user vagrant.
[[0;32m  OK  [0m] Stopped LXD - container startup/shutdown.
[[0;32m  OK  [0m] Removed slice User Slice of vagrant.
         Stopping Login Service...
[[0;32m  OK  [0m] Removed slice system-getty.slice.
         Stopping Permit User Sessions...
[[0;32m  OK  [0m] Removed slice system-serial\x2dgetty.slice.
[[0;32m  OK  [0m] Stopped Permit User Sessions.
[[0;32m  OK  [0m] Stopped LSB: Record successful boot for GRUB.
[[0;32m  OK  [0m] Stopped LSB: automatic crash report generation.
[[0;32m  OK  [0m] Stopped target Remote File Systems.
         Unmounting /vagrant...
[[0;32m  OK  [0m] Stopped Login Service.
[[0;32m  OK  [0m] Stopped target User and Group Name Lookups.
[[0;32m  OK  [0m] Unmounted /vagrant.
[[0;32m  OK  [0m] Stopped target Remote File Systems (Pre).
[[0;32m  OK  [0m] Stopped target Network is Online.
[[0;32m  OK  [0m] Stopped Virtualbox guest utils.
[[0;32m  OK  [0m] Stopped MySQL Community Server.
[[0;32m  OK  [0m] Stopped target Network.
         Stopping Network Name Resolution...
[[0;32m  OK  [0m] Stopped target Basic System.
[[0;32m  OK  [0m] Stopped target Slices.
[[0;32m  OK  [0m] Removed slice User and Session Slice.
[[0;32m  OK  [0m] Stopped target Paths.
[[0;32m  OK  [0m] Stopped ACPI Events Check.
[[0;32m  OK  [0m] Stopped Trigger to poll for Ubuntu …(Only enabled on GCP LTS non-pro).
[[0;32m  OK  [0m] Stopped target Sockets.
[[0;32m  OK  [0m] Closed LXD - unix socket.
[[0;32m  OK  [0m] Closed Syslog Socket.
[[0;32m  OK  [0m] Closed cloud-init hotplug hook socket.
[[0;32m  OK  [0m] Closed ACPID Listen Socket.
[[0;32m  OK  [0m] Closed D-Bus System Message Bus Socket.
[[0;32m  OK  [0m] Closed UUID daemon activation socket.
[[0;32m  OK  [0m] Closed Socket activation for snappy daemon.
[[0;32m  OK  [0m] Closed Open-iSCSI iscsid Socket.
[[0;32m  OK  [0m] Stopped target System Initialization.
         Stopping Load/Save Random Seed...
[[0;32m  OK  [0m] Stopped Commit a transient machine-id on disk.
[[0;32m  OK  [0m] Stopped Initial cloud-init job (metadata service crawler).
[[0;32m  OK  [0m] Stopped target Local Encrypted Volumes.
[[0;32m  OK  [0m] Stopped Dispatch Password Requests to Console Directory Watch.
[[0;32m  OK  [0m] Stopped Forward Password Requests to Wall Directory Watch.
         Stopping Update UTMP about System Boot/Shutdown...
[[0;32m  OK  [0m] Stopped Network Name Resolution.
[[0;32m  OK  [0m] Stopped Load/Save Random Seed.
         Stopping Network Service...
[[0;32m  OK  [0m] Stopped Update UTMP about System Boot/Shutdown.
[[0;32m  OK  [0m] Stopped Create Volatile Files and Directories.
[[0;32m  OK  [0m] Stopped target Local File Systems.
         Unmounting /run/user/1000...
[[0;32m  OK  [0m] Unmounted /run/user/1000.
[[0;32m  OK  [0m] Stopped Network Service.
[[0;32m  OK  [0m] Stopped target Network (Pre).
[[0;32m  OK  [0m] Stopped Initial cloud-init job (pre-networking).
[[0;32m  OK  [0m] Stopped Apply Kernel Variables.
[[0;32m  OK  [0m] Stopped Load Kernel Modules.
[[0;32m  OK  [0m] Reached target Unmount All Filesystems.
[[0;32m  OK  [0m] Stopped target Local File Systems (Pre).
[[0;32m  OK  [0m] Stopped Remount Root and Kernel File Systems.
[[0;32m  OK  [0m] Stopped Create Static Device Nodes in /dev.
         Stopping Monitoring of LVM2 mirrors…ng dmeventd or progress polling...
[[0;32m  OK  [0m] Stopped target Swap.
[[0;32m  OK  [0m] Reached target Shutdown.
[[0;32m  OK  [0m] Reached target Final Step.
         Starting Power-Off...
[ 9660.674692] reboot: Power down
